# JRE version: OpenJDK Runtime Environment (11.0.11+9) (build 11.0.11+9-b60-7590822)
# Java VM: OpenJDK 64-Bit Server VM (11.0.11+9-b60-7590822, mixed mode, tiered, compressed oops, g1 gc, windows-amd64)
Heap:
 garbage-first heap   total 194560K, used 37136K [0x0000000080000000, 0x0000000100000000)
  region size 1024K, 16 young (16384K), 5 survivors (5120K)
 Metaspace       used 32686K, capacity 33540K, committed 33788K, reserved 1079296K
  class space    used 4326K, capacity 4648K, committed 4684K, reserved 1048576K
GC Heap History (8 events):
Event: 1.175 GC heap before
{Heap before GC invocations=0 (full 0):
 garbage-first heap   total 194560K, used 29696K [0x0000000080000000, 0x0000000100000000)
  region size 1024K, 24 young (24576K), 0 survivors (0K)
 Metaspace       used 10271K, capacity 10495K, committed 10624K, reserved 1058816K
  class space    used 1072K, capacity 1141K, committed 1152K, reserved 1048576K
}
Event: 1.181 GC heap after
{Heap after GC invocations=1 (full 0):
 garbage-first heap   total 194560K, used 9354K [0x0000000080000000, 0x0000000100000000)
  region size 1024K, 3 young (3072K), 3 survivors (3072K)
 Metaspace       used 10271K, capacity 10495K, committed 10624K, reserved 1058816K
  class space    used 1072K, capacity 1141K, committed 1152K, reserved 1048576K
}
Event: 9.464 GC heap before
{Heap before GC invocations=1 (full 0):
 garbage-first heap   total 194560K, used 105610K [0x0000000080000000, 0x0000000100000000)
  region size 1024K, 98 young (100352K), 3 survivors (3072K)
 Metaspace       used 20797K, capacity 21176K, committed 21296K, reserved 1069056K
  class space    used 2525K, capacity 2674K, committed 2688K, reserved 1048576K
}
Event: 9.487 GC heap after
{Heap after GC invocations=2 (full 0):
 garbage-first heap   total 194560K, used 17064K [0x0000000080000000, 0x0000000100000000)
  region size 1024K, 11 young (11264K), 11 survivors (11264K)
 Metaspace       used 20797K, capacity 21176K, committed 21296K, reserved 1069056K
  class space    used 2525K, capacity 2674K, committed 2688K, reserved 1048576K
}
Event: 9.856 GC heap before
{Heap before GC invocations=3 (full 0):
 garbage-first heap   total 194560K, used 28328K [0x0000000080000000, 0x0000000100000000)
  region size 1024K, 22 young (22528K), 11 survivors (11264K)
 Metaspace       used 22136K, capacity 22694K, committed 22908K, reserved 1069056K
  class space    used 2765K, capacity 2930K, committed 3020K, reserved 1048576K
}
Event: 9.873 GC heap after
{Heap after GC invocations=4 (full 0):
 garbage-first heap   total 194560K, used 18400K [0x0000000080000000, 0x0000000100000000)
  region size 1024K, 1 young (1024K), 1 survivors (1024K)
 Metaspace       used 22136K, capacity 22694K, committed 22908K, reserved 1069056K
  class space    used 2765K, capacity 2930K, committed 3020K, reserved 1048576K
}
Event: 15.096 GC heap before
{Heap before GC invocations=4 (full 0):
 garbage-first heap   total 194560K, used 114656K [0x0000000080000000, 0x0000000100000000)
  region size 1024K, 90 young (92160K), 1 survivors (1024K)
 Metaspace       used 30568K, capacity 31402K, committed 31484K, reserved 1077248K
  class space    used 4090K, capacity 4382K, committed 4428K, reserved 1048576K
}
Event: 15.101 GC heap after
{Heap after GC invocations=5 (full 0):
 garbage-first heap   total 194560K, used 26896K [0x0000000080000000, 0x0000000100000000)
  region size 1024K, 5 young (5120K), 5 survivors (5120K)
 Metaspace       used 30568K, capacity 31402K, committed 31484K, reserved 1077248K
  class space    used 4090K, capacity 4382K, committed 4428K, reserved 1048576K
}

